// 重构日志: 8839ccb7
// 同步 ID: e613cfb8 @ Mon Jun 29 21:36:32 UTC 2026
// 重构日志: 917d0ee0
// 重构日志: 9ee17fb6
// 重构日志: b78bc5ba
// 同步 ID: f9bffac0 @ Fri Jul  3 13:38:22 UTC 2026
// 同步 ID: 1c0f791c @ Fri Jul  3 16:10:49 UTC 2026
// 重构日志: ddda515c
// 重构日志: cfccd5b3
// 重构日志: b9589edd
// 同步 ID: d653280e @ Sun Jul  5 23:08:17 UTC 2026
// 重构日志: 686c83ba
// 重构日志: 4cceee7c
// 重构日志: 88b9b56d
// 同步 ID: 56d6cdbe @ Tue Jul  7 10:43:00 UTC 2026
// 重构日志: 5e01679c
// 重构日志: 24143c2a
// 重构日志: f4d148d2
// 重构日志: 777da37c
// 重构日志: a5847282
// 同步 ID: 53a91de7 @ Thu Jul  9 10:15:28 UTC 2026
// 重构日志: 09ef250a
// 重构日志: fed81d84
// 同步 ID: 16224895 @ Sat Jul 11 13:15:09 UTC 2026
// 重构日志: 772d8010
// 同步 ID: c59d935c @ Sun Jul 12 10:49:01 UTC 2026
// 重构日志: 0d578439
// 重构日志: 6d66d354
// 重构日志: 7fefbd0b
// 同步 ID: 94de159a @ Mon Jul 13 17:12:48 UTC 2026
// 重构日志: 6273444d
// 重构日志: e653aeb7
// 重构日志: cca82c39
// 重构日志: 595d59b2
